#
# There is insufficient memory for the Java Runtime Environment to continue.
# Native memory allocation (malloc) failed to allocate 793856 bytes for Chunk::new
# Possible reasons:
#   The system is out of physical RAM or swap space
#   The process is running with CompressedOops enabled, and the Java Heap may be blocking the growth of the native heap
# Possible solutions:
#   Reduce memory load on the system
#   Increase physical memory or swap space
#   Check if swap backing store is full
#   Decrease Java heap size (-Xmx/-Xms)
#   Decrease number of Java threads
#   Decrease Java thread stack sizes (-Xss)
#   Set larger code cache with -XX:ReservedCodeCacheSize=
#   JVM is running with Unscaled Compressed Oops mode in which the Java heap is
#     placed in the first 4GB address space. The Java Heap base address is the
#     maximum limit for the native heap growth. Please use -XX:HeapBaseMinAddress
#     to set the Java Heap base and to place the Java Heap above 4GB virtual address.
# This output file may be truncated or incomplete.
#
#  Out of Memory Error (allocation.cpp:389), pid=11496, tid=0x0000000000002818
#
# JRE version: Java(TM) SE Runtime Environment (8.0_231-b11) (build 1.8.0_231-b11)
# Java VM: Java HotSpot(TM) 64-Bit Server VM (25.231-b11 mixed mode windows-amd64 compressed oops)
# Failed to write core dump. Minidumps are not enabled by default on client versions of Windows
#

---------------  T H R E A D  ---------------

Current thread (0x0000000017732800):  JavaThread "C2 CompilerThread1" daemon [_thread_in_native, id=10264, stack(0x0000000017b00000,0x0000000017c00000)]

Stack: [0x0000000017b00000,0x0000000017c00000]
[error occurred during error reporting (printing stack bounds), id 0xc0000005]

Native frames: (J=compiled Java code, j=interpreted, Vv=VM code, C=native code)


Current CompileTask:
C2:   2028  643       4       org.eclipse.jdt.launching.internal.org.objectweb.asm.ClassReader::readMethod (1066 bytes)


---------------  P R O C E S S  ---------------

Java Threads: ( => current thread )
  0x0000000018296000 JavaThread "Thread-3" daemon [_thread_in_native, id=564, stack(0x000000001d470000,0x000000001d570000)]
  0x00000000182f8000 JavaThread "JavaFX-Launcher" [_thread_blocked, id=11484, stack(0x000000001d570000,0x000000001d670000)]
  0x0000000018221000 JavaThread "JavaFX Application Thread" [_thread_in_Java, id=8852, stack(0x0000000018ba0000,0x0000000018ca0000)]
  0x0000000018194000 JavaThread "Thread-1" daemon [_thread_blocked, id=8512, stack(0x0000000018aa0000,0x0000000018ba0000)]
  0x00000000180b2800 JavaThread "QuantumRenderer-0" daemon [_thread_blocked, id=2416, stack(0x0000000018840000,0x0000000018940000)]
  0x000000001775b800 JavaThread "Service Thread" daemon [_thread_blocked, id=5448, stack(0x0000000017d00000,0x0000000017e00000)]
  0x0000000017733800 JavaThread "C1 CompilerThread2" daemon [_thread_blocked, id=9160, stack(0x0000000017c00000,0x0000000017d00000)]
=>0x0000000017732800 JavaThread "C2 CompilerThread1" daemon [_thread_in_native, id=10264, stack(0x0000000017b00000,0x0000000017c00000)]
  0x0000000017730000 JavaThread "C2 CompilerThread0" daemon [_thread_in_native, id=11336, stack(0x0000000017a00000,0x0000000017b00000)]
  0x0000000015962000 JavaThread "JDWP Command Reader" daemon [_thread_in_native, id=11988, stack(0x0000000017500000,0x0000000017600000)]
  0x000000001595e800 JavaThread "JDWP Event Helper Thread" daemon [_thread_blocked, id=11084, stack(0x0000000017400000,0x0000000017500000)]
  0x0000000015950000 JavaThread "JDWP Transport Listener: dt_socket" daemon [_thread_blocked, id=11456, stack(0x0000000017300000,0x0000000017400000)]
  0x0000000015948800 JavaThread "Attach Listener" daemon [_thread_blocked, id=4488, stack(0x0000000016ec0000,0x0000000016fc0000)]
  0x0000000015945800 JavaThread "Signal Dispatcher" daemon [_thread_blocked, id=12084, stack(0x0000000016dc0000,0x0000000016ec0000)]
  0x000000001592f800 JavaThread "Finalizer" daemon [_thread_blocked, id=13252, stack(0x0000000016ba0000,0x0000000016ca0000)]
  0x0000000003373000 JavaThread "Reference Handler" daemon [_thread_blocked, id=1580, stack(0x0000000016aa0000,0x0000000016ba0000)]
  0x0000000003283800 JavaThread "main" [_thread_blocked, id=10944, stack(0x0000000002ee0000,0x0000000002fe0000)]

Other Threads:
  0x0000000015908000 VMThread [stack: 0x00000000169a0000,0x0000000016aa0000] [id=12596]
  0x0000000017842800 WatcherThread [stack: 0x0000000017e00000,0x0000000017f00000] [id=10508]

VM state:not at safepoint (normal execution)

VM Mutex/Monitor currently owned by a thread: None

heap address: 0x00000000c1e00000, size: 994 MB, Compressed Oops mode: 32-bit
Narrow klass base: 0x0000000000000000, Narrow klass shift: 3
Compressed class space size: 1073741824 Address: 0x0000000100000000

Heap:
 PSYoungGen      total 18944K, used 6061K [0x00000000eb500000, 0x00000000eca00000, 0x0000000100000000)
  eden space 16384K, 24% used [0x00000000eb500000,0x00000000eb8d7858,0x00000000ec500000)
  from space 2560K, 83% used [0x00000000ec780000,0x00000000ec993c60,0x00000000eca00000)
  to   space 2560K, 0% used [0x00000000ec500000,0x00000000ec500000,0x00000000ec780000)
 ParOldGen       total 44032K, used 80K [0x00000000c1e00000, 0x00000000c4900000, 0x00000000eb500000)
  object space 44032K, 0% used [0x00000000c1e00000,0x00000000c1e14010,0x00000000c4900000)
 Metaspace       used 10333K, capacity 10604K, committed 10880K, reserved 1060864K
  class space    used 1186K, capacity 1296K, committed 1408K, reserved 1048576K

Card table byte_map: [0x0000000012740000,0x0000000012940000] byte_map_base: 0x0000000012131000

Marking Bits: (ParMarkBitMap*) 0x0000000051f66d90
 Begin Bits: [0x0000000012e90000, 0x0000000013e18000)
 End Bits:   [0x0000000013e18000, 0x0000000014da0000)

Polling page: 0x00000000012c0000

CodeCache: size=245760Kb used=3059Kb max_used=3059Kb free=242700Kb
 bounds [0x0000000003380000, 0x0000000003680000, 0x0000000012380000]
 total_blobs=1107 nmethods=675 adapters=353
 compilation: enabled

Compilation events (10 events):
Event: 1.988 Thread 0x0000000017733800 nmethod 674 0x000000000366d810 code [0x000000000366d980, 0x000000000366dba8]
Event: 1.996 Thread 0x0000000017733800  675       3       java.util.jar.Manifest::getTrustedAttributes (57 bytes)
Event: 1.997 Thread 0x0000000017733800 nmethod 675 0x000000000366dc50 code [0x000000000366de80, 0x000000000366e9d8]
Event: 2.002 Thread 0x0000000017733800  676       3       org.eclipse.jdt.launching.internal.javaagent.Premain::access$000 (4 bytes)
Event: 2.002 Thread 0x0000000017733800 nmethod 676 0x000000000366ef50 code [0x000000000366f0a0, 0x000000000366f1d0]
Event: 2.003 Thread 0x0000000017733800  677       3       java.lang.ClassLoader::compareCerts (149 bytes)
Event: 2.004 Thread 0x0000000017733800 nmethod 677 0x000000000366f250 code [0x000000000366f420, 0x000000000366fcd8]
Event: 2.007 Thread 0x0000000017733800  678   !   3       sun.misc.Resource::getBytes (242 bytes)
Event: 2.009 Thread 0x0000000017733800 nmethod 678 0x000000000366ffd0 code [0x00000000036702e0, 0x0000000003671e08]
Event: 2.022 Thread 0x0000000017733800  679   !   3       java.net.URL::<init> (543 bytes)

GC Heap History (4 events):
Event: 1.723 GC heap before
{Heap before GC invocations=1 (full 0):
 PSYoungGen      total 18944K, used 16363K [0x00000000eb500000, 0x00000000eca00000, 0x0000000100000000)
  eden space 16384K, 99% used [0x00000000eb500000,0x00000000ec4faf08,0x00000000ec500000)
  from space 2560K, 0% used [0x00000000ec780000,0x00000000ec780000,0x00000000eca00000)
  to   space 2560K, 0% used [0x00000000ec500000,0x00000000ec500000,0x00000000ec780000)
 ParOldGen       total 44032K, used 0K [0x00000000c1e00000, 0x00000000c4900000, 0x00000000eb500000)
  object space 44032K, 0% used [0x00000000c1e00000,0x00000000c1e00000,0x00000000c4900000)
 Metaspace       used 7177K, capacity 7384K, committed 7552K, reserved 1056768K
  class space    used 776K, capacity 870K, committed 896K, reserved 1048576K
Event: 1.726 GC heap after
Heap after GC invocations=1 (full 0):
 PSYoungGen      total 18944K, used 1726K [0x00000000eb500000, 0x00000000eca00000, 0x0000000100000000)
  eden space 16384K, 0% used [0x00000000eb500000,0x00000000eb500000,0x00000000ec500000)
  from space 2560K, 67% used [0x00000000ec500000,0x00000000ec6afa18,0x00000000ec780000)
  to   space 2560K, 0% used [0x00000000ec780000,0x00000000ec780000,0x00000000eca00000)
 ParOldGen       total 44032K, used 8K [0x00000000c1e00000, 0x00000000c4900000, 0x00000000eb500000)
  object space 44032K, 0% used [0x00000000c1e00000,0x00000000c1e02000,0x00000000c4900000)
 Metaspace       used 7177K, capacity 7384K, committed 7552K, reserved 1056768K
  class space    used 776K, capacity 870K, committed 896K, reserved 1048576K
}
Event: 1.979 GC heap before
{Heap before GC invocations=2 (full 0):
 PSYoungGen      total 18944K, used 18040K [0x00000000eb500000, 0x00000000eca00000, 0x0000000100000000)
  eden space 16384K, 99% used [0x00000000eb500000,0x00000000ec4ee8c8,0x00000000ec500000)
  from space 2560K, 67% used [0x00000000ec500000,0x00000000ec6afa18,0x00000000ec780000)
  to   space 2560K, 0% used [0x00000000ec780000,0x00000000ec780000,0x00000000eca00000)
 ParOldGen       total 44032K, used 8K [0x00000000c1e00000, 0x00000000c4900000, 0x00000000eb500000)
  object space 44032K, 0% used [0x00000000c1e00000,0x00000000c1e02000,0x00000000c4900000)
 Metaspace       used 9872K, capacity 10188K, committed 10240K, reserved 1058816K
  class space    used 1125K, capacity 1264K, committed 1280K, reserved 1048576K
Event: 1.985 GC heap after
Heap after GC invocations=2 (full 0):
 PSYoungGen      total 18944K, used 2127K [0x00000000eb500000, 0x00000000eca00000, 0x0000000100000000)
  eden space 16384K, 0% used [0x00000000eb500000,0x00000000eb500000,0x00000000ec500000)
  from space 2560K, 83% used [0x00000000ec780000,0x00000000ec993c60,0x00000000eca00000)
  to   space 2560K, 0% used [0x00000000ec500000,0x00000000ec500000,0x00000000ec780000)
 ParOldGen       total 44032K, used 80K [0x00000000c1e00000, 0x00000000c4900000, 0x00000000eb500000)
  object space 44032K, 0% used [0x00000000c1e00000,0x00000000c1e14010,0x00000000c4900000)
 Metaspace       used 9872K, capacity 10188K, committed 10240K, reserved 1058816K
  class space    used 1125K, capacity 1264K, committed 1280K, reserved 1048576K
}

Deoptimization events (1 events):
Event: 1.674 Thread 0x0000000003283800 Uncommon trap: reason=unstable_if action=reinterpret pc=0x0000000003544e20 method=org.eclipse.jdt.launching.internal.org.objectweb.asm.ClassReader.readUtf(II[C)Ljava/lang/String; @ 41

Classes redefined (0 events):
No events

Internal exceptions (9 events):
Event: 0.067 Thread 0x0000000003283800 Exception <a 'java/lang/NoSuchMethodError': Method sun.misc.Unsafe.defineClass(Ljava/lang/String;[BII)Ljava/lang/Class; name or signature does not match> (0x00000000eb507cb8) thrown at [C:\re\workspace\8-2-build-windows-amd64-cygwin\jdk8u231\13620\hotspot
Event: 0.067 Thread 0x0000000003283800 Exception <a 'java/lang/NoSuchMethodError': Method sun.misc.Unsafe.prefetchRead(Ljava/lang/Object;J)V name or signature does not match> (0x00000000eb507fa0) thrown at [C:\re\workspace\8-2-build-windows-amd64-cygwin\jdk8u231\13620\hotspot\src\share\vm\prim
Event: 1.476 Thread 0x0000000003283800 Exception <a 'java/lang/NoSuchFieldError': method resolution failed> (0x00000000ebcad508) thrown at [C:\re\workspace\8-2-build-windows-amd64-cygwin\jdk8u231\13620\hotspot\src\share\vm\prims\methodHandles.cpp, line 1167]
Event: 1.481 Thread 0x0000000003283800 Exception <a 'java/lang/NoSuchFieldError': method resolution failed> (0x00000000ebcbb0c8) thrown at [C:\re\workspace\8-2-build-windows-amd64-cygwin\jdk8u231\13620\hotspot\src\share\vm\prims\methodHandles.cpp, line 1167]
Event: 1.504 Thread 0x0000000003283800 Exception <a 'java/security/PrivilegedActionException'> (0x00000000ebd56070) thrown at [C:\re\workspace\8-2-build-windows-amd64-cygwin\jdk8u231\13620\hotspot\src\share\vm\prims\jvm.cpp, line 1502]
Event: 1.504 Thread 0x0000000003283800 Exception <a 'java/security/PrivilegedActionException'> (0x00000000ebd56280) thrown at [C:\re\workspace\8-2-build-windows-amd64-cygwin\jdk8u231\13620\hotspot\src\share\vm\prims\jvm.cpp, line 1502]
Event: 1.505 Thread 0x0000000003283800 Exception <a 'java/security/PrivilegedActionException'> (0x00000000ebd5a190) thrown at [C:\re\workspace\8-2-build-windows-amd64-cygwin\jdk8u231\13620\hotspot\src\share\vm\prims\jvm.cpp, line 1502]
Event: 1.505 Thread 0x0000000003283800 Exception <a 'java/security/PrivilegedActionException'> (0x00000000ebd5a3a0) thrown at [C:\re\workspace\8-2-build-windows-amd64-cygwin\jdk8u231\13620\hotspot\src\share\vm\prims\jvm.cpp, line 1502]
Event: 1.505 Thread 0x0000000003283800 Exception <a 'java/lang/NullPointerException'> (0x00000000ebd5ad88) thrown at [C:\re\workspace\8-2-build-windows-amd64-cygwin\jdk8u231\13620\hotspot\src\share\vm\interpreter\linkResolver.cpp, line 1185]

Events (10 events):
Event: 2.022 loading class javafx/scene/layout/Region$8
Event: 2.022 loading class javafx/scene/layout/Region$8 done
Event: 2.022 loading class javafx/scene/layout/Region$9
Event: 2.022 loading class javafx/scene/layout/Region$9 done
Event: 2.022 loading class javafx/scene/layout/Region$10
Event: 2.022 loading class javafx/scene/layout/Region$10 done
Event: 2.023 loading class javafx/scene/layout/Region$InsetsProperty
Event: 2.023 loading class javafx/scene/layout/Region$InsetsProperty done
Event: 2.024 loading class javafx/scene/layout/Region$ShapeProperty
Event: 2.024 loading class javafx/scene/layout/Region$ShapeProperty done


Dynamic libraries:
0x00007ff69d0a0000 - 0x00007ff69d0d7000 	C:\Program Files\Java\jdk1.8.0_231\bin\javaw.exe
0x00007fffdffb0000 - 0x00007fffe01a8000 	C:\Windows\SYSTEM32\ntdll.dll
0x00007fffde2d0000 - 0x00007fffde38f000 	C:\Windows\System32\KERNEL32.DLL
0x00007fffdd9d0000 - 0x00007fffddca2000 	C:\Windows\System32\KERNELBASE.dll
0x00007fffdeb70000 - 0x00007fffdec1e000 	C:\Windows\System32\ADVAPI32.dll
0x00007fffde1d0000 - 0x00007fffde26e000 	C:\Windows\System32\msvcrt.dll
0x00007fffdee90000 - 0x00007fffdef2c000 	C:\Windows\System32\sechost.dll
0x00007fffdefa0000 - 0x00007fffdf0c5000 	C:\Windows\System32\RPCRT4.dll
0x00007fffdf200000 - 0x00007fffdf39d000 	C:\Windows\System32\USER32.dll
0x00007fffddcb0000 - 0x00007fffddcd2000 	C:\Windows\System32\win32u.dll
0x00007fffdfd60000 - 0x00007fffdfd8b000 	C:\Windows\System32\GDI32.dll
0x00007fffdd810000 - 0x00007fffdd91f000 	C:\Windows\System32\gdi32full.dll
0x00007fffdd6b0000 - 0x00007fffdd74d000 	C:\Windows\System32\msvcp_win.dll
0x00007fffdde70000 - 0x00007fffddf70000 	C:\Windows\System32\ucrtbase.dll
0x00007fffcbc40000 - 0x00007fffcbeda000 	C:\Windows\WinSxS\amd64_microsoft.windows.common-controls_6595b64144ccf1df_6.0.19041.1110_none_60b5254171f9507e\COMCTL32.dll
0x00007fffdecd0000 - 0x00007fffded02000 	C:\Windows\System32\IMM32.DLL
0x0000000052320000 - 0x00000000523f2000 	C:\Program Files\Java\jdk1.8.0_231\jre\bin\msvcr100.dll
0x0000000051740000 - 0x0000000051fe6000 	C:\Program Files\Java\jdk1.8.0_231\jre\bin\server\jvm.dll
0x00007fffde800000 - 0x00007fffde808000 	C:\Windows\System32\PSAPI.DLL
0x00007fffc7940000 - 0x00007fffc7949000 	C:\Windows\SYSTEM32\WSOCK32.dll
0x00007fffd7390000 - 0x00007fffd739a000 	C:\Windows\SYSTEM32\VERSION.dll
0x00007fffd8d00000 - 0x00007fffd8d27000 	C:\Windows\SYSTEM32\WINMM.dll
0x00007fffdef30000 - 0x00007fffdef9b000 	C:\Windows\System32\WS2_32.dll
0x00007fffdaea0000 - 0x00007fffdaeaf000 	C:\Program Files\Java\jdk1.8.0_231\jre\bin\verify.dll
0x00007fffc09f0000 - 0x00007fffc0a19000 	C:\Program Files\Java\jdk1.8.0_231\jre\bin\java.dll
0x00007fffb5630000 - 0x00007fffb5665000 	C:\Program Files\Java\jdk1.8.0_231\jre\bin\jdwp.dll
0x00007fffcc5e0000 - 0x00007fffcc5e8000 	C:\Program Files\Java\jdk1.8.0_231\jre\bin\npt.dll
0x00007fffb9a60000 - 0x00007fffb9a83000 	C:\Program Files\Java\jdk1.8.0_231\jre\bin\instrument.dll
0x00007fffd68b0000 - 0x00007fffd68c6000 	C:\Program Files\Java\jdk1.8.0_231\jre\bin\zip.dll
0x00007fffdf610000 - 0x00007fffdfd53000 	C:\Windows\System32\SHELL32.dll
0x00007fffdb770000 - 0x00007fffdbf02000 	C:\Windows\SYSTEM32\windows.storage.dll
0x00007fffde810000 - 0x00007fffdeb64000 	C:\Windows\System32\combase.dll
0x00007fffdd030000 - 0x00007fffdd060000 	C:\Windows\SYSTEM32\Wldp.dll
0x00007fffdec20000 - 0x00007fffdeccd000 	C:\Windows\System32\SHCORE.dll
0x00007fffde0d0000 - 0x00007fffde125000 	C:\Windows\System32\shlwapi.dll
0x00007fffdd5f0000 - 0x00007fffdd60f000 	C:\Windows\SYSTEM32\profapi.dll
0x00007fffbf440000 - 0x00007fffbf449000 	C:\Program Files\Java\jdk1.8.0_231\jre\bin\dt_socket.dll
0x00007fffc2510000 - 0x00007fffc2527000 	C:\Windows\system32\napinsp.dll
0x00007fffc24f0000 - 0x00007fffc250b000 	C:\Windows\system32\pnrpnsp.dll
0x00007fffc2320000 - 0x00007fffc2335000 	C:\Windows\system32\wshbth.dll
0x00007fffd90a0000 - 0x00007fffd90bd000 	C:\Windows\system32\NLAapi.dll
0x00007fffdca80000 - 0x00007fffdcabb000 	C:\Windows\SYSTEM32\IPHLPAPI.DLL
0x00007fffdcd90000 - 0x00007fffdcdfa000 	C:\Windows\System32\mswsock.dll
0x00007fffdcac0000 - 0x00007fffdcb8a000 	C:\Windows\SYSTEM32\DNSAPI.dll
0x00007fffdfd90000 - 0x00007fffdfd98000 	C:\Windows\System32\NSI.dll
0x00007fffc2300000 - 0x00007fffc2312000 	C:\Windows\System32\winrnr.dll
0x00007fffcf4a0000 - 0x00007fffcf520000 	C:\Windows\System32\fwpuclnt.dll
0x00007fffddce0000 - 0x00007fffddd07000 	C:\Windows\System32\bcrypt.dll
0x00007fffcf480000 - 0x00007fffcf48a000 	C:\Windows\System32\rasadhlp.dll
0x0000000003020000 - 0x0000000003023000 	C:\Program Files\Java\jdk1.8.0_231\jre\bin\api-ms-win-core-console-l1-1-0.dll
0x0000000003030000 - 0x0000000003033000 	C:\Program Files\Java\jdk1.8.0_231\jre\bin\api-ms-win-core-datetime-l1-1-0.dll
0x0000000003040000 - 0x0000000003043000 	C:\Program Files\Java\jdk1.8.0_231\jre\bin\api-ms-win-core-debug-l1-1-0.dll
0x0000000003050000 - 0x0000000003053000 	C:\Program Files\Java\jdk1.8.0_231\jre\bin\api-ms-win-core-errorhandling-l1-1-0.dll
0x0000000003060000 - 0x0000000003064000 	C:\Program Files\Java\jdk1.8.0_231\jre\bin\api-ms-win-core-file-l1-1-0.dll
0x0000000003080000 - 0x0000000003083000 	C:\Program Files\Java\jdk1.8.0_231\jre\bin\api-ms-win-core-file-l1-2-0.dll
0x0000000003090000 - 0x0000000003093000 	C:\Program Files\Java\jdk1.8.0_231\jre\bin\api-ms-win-core-file-l2-1-0.dll
0x00000000030a0000 - 0x00000000030a3000 	C:\Program Files\Java\jdk1.8.0_231\jre\bin\api-ms-win-core-handle-l1-1-0.dll
0x00000000030b0000 - 0x00000000030b3000 	C:\Program Files\Java\jdk1.8.0_231\jre\bin\api-ms-win-core-heap-l1-1-0.dll
0x00000000030c0000 - 0x00000000030c3000 	C:\Program Files\Java\jdk1.8.0_231\jre\bin\api-ms-win-core-interlocked-l1-1-0.dll
0x00000000030d0000 - 0x00000000030d3000 	C:\Program Files\Java\jdk1.8.0_231\jre\bin\api-ms-win-core-libraryloader-l1-1-0.dll
0x00000000030e0000 - 0x00000000030e3000 	C:\Program Files\Java\jdk1.8.0_231\jre\bin\api-ms-win-core-localization-l1-2-0.dll
0x00000000030f0000 - 0x00000000030f3000 	C:\Program Files\Java\jdk1.8.0_231\jre\bin\api-ms-win-core-memory-l1-1-0.dll
0x0000000003100000 - 0x0000000003103000 	C:\Program Files\Java\jdk1.8.0_231\jre\bin\api-ms-win-core-namedpipe-l1-1-0.dll
0x0000000003110000 - 0x0000000003113000 	C:\Program Files\Java\jdk1.8.0_231\jre\bin\api-ms-win-core-processenvironment-l1-1-0.dll
0x0000000003120000 - 0x0000000003123000 	C:\Program Files\Java\jdk1.8.0_231\jre\bin\api-ms-win-core-processthreads-l1-1-0.dll
0x0000000003130000 - 0x0000000003133000 	C:\Program Files\Java\jdk1.8.0_231\jre\bin\api-ms-win-core-processthreads-l1-1-1.dll
0x0000000003140000 - 0x0000000003143000 	C:\Program Files\Java\jdk1.8.0_231\jre\bin\api-ms-win-core-profile-l1-1-0.dll
0x0000000003150000 - 0x0000000003153000 	C:\Program Files\Java\jdk1.8.0_231\jre\bin\api-ms-win-core-rtlsupport-l1-1-0.dll
0x0000000003160000 - 0x0000000003163000 	C:\Program Files\Java\jdk1.8.0_231\jre\bin\api-ms-win-core-string-l1-1-0.dll
0x0000000018700000 - 0x0000000018703000 	C:\Program Files\Java\jdk1.8.0_231\jre\bin\api-ms-win-core-synch-l1-1-0.dll
0x0000000018710000 - 0x0000000018713000 	C:\Program Files\Java\jdk1.8.0_231\jre\bin\api-ms-win-core-synch-l1-2-0.dll
0x0000000018720000 - 0x0000000018723000 	C:\Program Files\Java\jdk1.8.0_231\jre\bin\api-ms-win-core-sysinfo-l1-1-0.dll
0x0000000018730000 - 0x0000000018733000 	C:\Program Files\Java\jdk1.8.0_231\jre\bin\api-ms-win-core-timezone-l1-1-0.dll
0x0000000018740000 - 0x0000000018743000 	C:\Program Files\Java\jdk1.8.0_231\jre\bin\api-ms-win-core-util-l1-1-0.dll
0x0000000018750000 - 0x0000000018753000 	C:\Program Files\Java\jdk1.8.0_231\jre\bin\api-ms-win-crt-conio-l1-1-0.dll
0x0000000018760000 - 0x0000000018764000 	C:\Program Files\Java\jdk1.8.0_231\jre\bin\api-ms-win-crt-convert-l1-1-0.dll
0x0000000018770000 - 0x0000000018773000 	C:\Program Files\Java\jdk1.8.0_231\jre\bin\api-ms-win-crt-environment-l1-1-0.dll
0x0000000018780000 - 0x0000000018783000 	C:\Program Files\Java\jdk1.8.0_231\jre\bin\api-ms-win-crt-filesystem-l1-1-0.dll
0x0000000018790000 - 0x0000000018793000 	C:\Program Files\Java\jdk1.8.0_231\jre\bin\api-ms-win-crt-heap-l1-1-0.dll
0x00000000187a0000 - 0x00000000187a3000 	C:\Program Files\Java\jdk1.8.0_231\jre\bin\api-ms-win-crt-locale-l1-1-0.dll
0x00000000187b0000 - 0x00000000187b5000 	C:\Program Files\Java\jdk1.8.0_231\jre\bin\api-ms-win-crt-math-l1-1-0.dll
0x00000000187c0000 - 0x00000000187c5000 	C:\Program Files\Java\jdk1.8.0_231\jre\bin\api-ms-win-crt-multibyte-l1-1-0.dll
0x00000000187d0000 - 0x00000000187e0000 	C:\Program Files\Java\jdk1.8.0_231\jre\bin\api-ms-win-crt-private-l1-1-0.dll
0x00000000187e0000 - 0x00000000187e3000 	C:\Program Files\Java\jdk1.8.0_231\jre\bin\api-ms-win-crt-process-l1-1-0.dll
0x00000000187f0000 - 0x00000000187f4000 	C:\Program Files\Java\jdk1.8.0_231\jre\bin\api-ms-win-crt-runtime-l1-1-0.dll
0x0000000018800000 - 0x0000000018804000 	C:\Program Files\Java\jdk1.8.0_231\jre\bin\api-ms-win-crt-stdio-l1-1-0.dll
0x0000000018810000 - 0x0000000018814000 	C:\Program Files\Java\jdk1.8.0_231\jre\bin\api-ms-win-crt-string-l1-1-0.dll
0x0000000018820000 - 0x0000000018823000 	C:\Program Files\Java\jdk1.8.0_231\jre\bin\api-ms-win-crt-time-l1-1-0.dll
0x0000000018830000 - 0x0000000018833000 	C:\Program Files\Java\jdk1.8.0_231\jre\bin\api-ms-win-crt-utility-l1-1-0.dll
0x00007fffa3ac0000 - 0x00007fffa3bbc000 	C:\Program Files\Java\jdk1.8.0_231\jre\bin\ucrtbase.dll
0x00007fffc37b0000 - 0x00007fffc37c5000 	C:\Program Files\Java\jdk1.8.0_231\jre\bin\vcruntime140.dll
0x00007fffbcb00000 - 0x00007fffbcb9b000 	C:\Program Files\Java\jdk1.8.0_231\jre\bin\msvcp140.dll
0x00007fffc0990000 - 0x00007fffc09e1000 	C:\Program Files\Java\jdk1.8.0_231\jre\bin\concrt140.dll
0x00007fffbeee0000 - 0x00007fffbef03000 	C:\Program Files\Java\jdk1.8.0_231\jre\bin\prism_d3d.dll
0x00007fffa0320000 - 0x00007fffa04ef000 	C:\Windows\system32\d3d9.dll
0x00007fffdb570000 - 0x00007fffdb582000 	C:\Windows\SYSTEM32\kernel.appcore.dll
0x00007fffdb390000 - 0x00007fffdb3bf000 	C:\Windows\SYSTEM32\dwmapi.dll
0x00007fffdb0a0000 - 0x00007fffdb13e000 	C:\Windows\system32\uxtheme.dll
0x00007fff9ff60000 - 0x00007fffa010f000 	C:\Windows\System32\DriverStore\FileRepository\iigd_dch.inf_amd64_51f685305808e3a5\igdumdim64.dll
0x00007fffdf0d0000 - 0x00007fffdf1fa000 	C:\Windows\System32\ole32.dll
0x00007fff6a930000 - 0x00007fff6d9d3000 	C:\Windows\System32\DriverStore\FileRepository\iigd_dch.inf_amd64_51f685305808e3a5\igd9dxva64.dll
0x00007fffde000000 - 0x00007fffde0cd000 	C:\Windows\System32\OLEAUT32.dll
0x00007fffde390000 - 0x00007fffde7f8000 	C:\Windows\System32\SETUPAPI.dll
0x00007fffdd7c0000 - 0x00007fffdd80e000 	C:\Windows\System32\cfgmgr32.dll
0x00007fffd3af0000 - 0x00007fffd3ef9000 	C:\Windows\System32\DriverStore\FileRepository\iigd_dch.inf_amd64_51f685305808e3a5\igdgmm64.dll
0x00007fffbc710000 - 0x00007fffbc755000 	C:\Program Files\Java\jdk1.8.0_231\jre\bin\glass.dll
0x00007fffdedb0000 - 0x00007fffdee8a000 	C:\Windows\System32\COMDLG32.dll
0x00007fffdfe50000 - 0x00007fffdff65000 	C:\Windows\System32\MSCTF.dll
0x00007fffddf70000 - 0x00007fffddff2000 	C:\Windows\System32\bcryptPrimitives.dll
0x00007fffadf70000 - 0x00007fffadf97000 	C:\Windows\System32\DriverStore\FileRepository\iigd_dch.inf_amd64_51f685305808e3a5\igdinfo64.dll
0x00007fffdcf80000 - 0x00007fffdcf98000 	C:\Windows\SYSTEM32\CRYPTSP.dll
0x00007fffdc6b0000 - 0x00007fffdc6e4000 	C:\Windows\system32\rsaenh.dll
0x00007fffdcfa0000 - 0x00007fffdcfac000 	C:\Windows\SYSTEM32\CRYPTBASE.dll
0x00007fffd02c0000 - 0x00007fffd3a54000 	C:\Windows\System32\DriverStore\FileRepository\iigd_dch.inf_amd64_51f685305808e3a5\igc64.dll
0x00007fffd49d0000 - 0x00007fffd4a0b000 	C:\Windows\SYSTEM32\dxcore.dll

VM Arguments:
jvm_args: -agentlib:jdwp=transport=dt_socket,suspend=y,address=localhost:60347 -javaagent:C:\Users\Alejandro\Downloads\eclipse-jee-2022-06-R-win32-x86_64\eclipse\configuration\org.eclipse.osgi\407\0\.cp\lib\javaagent-shaded.jar -Dfile.encoding=UTF-8 
java_command: application.Main
java_class_path (initial): C:\Users\Alejandro\Desktop\AYA\Proyecto-AYA\Login\target\classes;C:\Users\Alejandro\Downloads\eclipse-jee-2022-06-R-win32-x86_64\eclipse\plugins\org.eclipse.fx.ide.css.jfx8_3.8.0.202204150904.jar;C:\Users\Alejandro\.m2\repository\org\hibernate\hibernate-core\5.0.3.Final\hibernate-core-5.0.3.Final.jar;C:\Users\Alejandro\.m2\repository\org\jboss\logging\jboss-logging\3.3.0.Final\jboss-logging-3.3.0.Final.jar;C:\Users\Alejandro\.m2\repository\org\hibernate\javax\persistence\hibernate-jpa-2.1-api\1.0.0.Final\hibernate-jpa-2.1-api-1.0.0.Final.jar;C:\Users\Alejandro\.m2\repository\org\javassist\javassist\3.18.1-GA\javassist-3.18.1-GA.jar;C:\Users\Alejandro\.m2\repository\antlr\antlr\2.7.7\antlr-2.7.7.jar;C:\Users\Alejandro\.m2\repository\org\jboss\jandex\2.0.0.CR1\jandex-2.0.0.CR1.jar;C:\Users\Alejandro\.m2\repository\org\apache\geronimo\specs\geronimo-jta_1.1_spec\1.1.1\geronimo-jta_1.1_spec-1.1.1.jar;C:\Users\Alejandro\.m2\repository\dom4j\dom4j\1.6.1\dom4j-1.6.1.jar;C:\Users\Alejandro\.m2\repository\xml-apis\xml-apis\1.0.b2\xml-apis-1.0.b2.jar;C:\Users\Alejandro\.m2\repository\org\hibernate\common\hibernate-commons-annotations\5.0.0.Final\hibernate-commons-annotations-5.0.0.Final.jar;C:\Users\Alejandro\.m2\repository\mysql\mysql-connector-java\8.0.15\mysql-connector-java-8.0.15.jar;C:\Users\Alejandro\.m2\repository\com\google\protobuf\protobuf-java\3.6.1\protobuf-java-3.6.1.jar;C:\Users\Alejandro\.m2\repository\javax\persistence\javax.persistence-api\2.2\javax.persistence-api-2.2.jar;C:\Users\Alejandro\Downloads\eclipse-jee-2022-06-R-win32-x86_64\eclipse\configuration\org.eclipse.osgi\407\0\.cp\lib\javaagent-shaded.jar
Launcher Type: SUN_STANDARD

Environment Variables:
PATH=C:\Program Files\Java\jdk1.8.0_231\jre\bin;C:/Users/Alejandro/Downloads/eclipse-jee-2022-06-R-win32-x86_64/eclipse//plugins/org.eclipse.justj.openjdk.hotspot.jre.full.win32.x86_64_17.0.3.v20220515-1416/jre/bin/server;C:/Users/Alejandro/Downloads/eclipse-jee-2022-06-R-win32-x86_64/eclipse//plugins/org.eclipse.justj.openjdk.hotspot.jre.full.win32.x86_64_17.0.3.v20220515-1416/jre/bin;C:\Program Files\Common Files\Oracle\Java\javapath;C:\Program Files (x86)\Common Files\Oracle\Java\javapath;C:\Program Files\OpenJDK\jdk-11.0.17.8-hotspot\bin;C:\Program Files\Microsoft\jdk-11.0.12.7-hotspot\bin;C:\Windows\system32;C:\Windows;C:\Windows\System32\Wbem;C:\Windows\System32\WindowsPowerShell\v1.0\;C:\Windows\System32\OpenSSH\;C:\Users\Alejandro\Downloads\dartsdk-windows-x64-release\dart-sdk\lib;C:\ProgramData\chocolatey\bin;C:\tools\dart-sdk\lib;C:\Users\Alejandro\Downloads\flutter_windows_3.3.8-stable\flutter\bin;C:\flutter\bin;C:\Program Files\Git\cmd;C:\Users\Alejandro\AppData\Local\Programs\Python\Python311\Lib;C:\Program Files\MySQL\MySQL Shell 8.0\bin\;C:\Users\Alejandro\AppData\Local\Microsoft\WindowsApps;;C:\Users\Alejandro\AppData\Local\Programs\Microsoft VS Code\bin;C:\tools\dart-sdk\bin;C:\Users\Alejandro\AppData\Roaming\Pub\Cache\bin;;C:\Users\Alejandro\Downloads\eclipse-jee-2022-06-R-win32-x86_64\eclipse;
USERNAME=Alejandro
OS=Windows_NT
PROCESSOR_IDENTIFIER=Intel64 Family 6 Model 142 Stepping 9, GenuineIntel



---------------  S Y S T E M  ---------------

OS: Windows 10.0 , 64 bit Build 19041 (10.0.19041.2251)

CPU:total 4 (initial active 4) (2 cores per cpu, 2 threads per core) family 6 model 142 stepping 9, cmov, cx8, fxsr, mmx, sse, sse2, sse3, ssse3, sse4.1, sse4.2, popcnt, avx, avx2, aes, clmul, erms, 3dnowpref, lzcnt, ht, tsc, tscinvbit, bmi1, bmi2, adx

Memory: 4k page, physical 4066020k(321056k free), swap 16648932k(3552k free)

vm_info: Java HotSpot(TM) 64-Bit Server VM (25.231-b11) for windows-amd64 JRE (1.8.0_231-b11), built on Oct  5 2019 03:11:30 by "java_re" with MS VC++ 10.0 (VS2010)

time: Sun Nov 27 15:53:14 2022
timezone: Hora estándar romance
elapsed time: 2 seconds (0d 0h 0m 2s)

