#
# There is insufficient memory for the Java Runtime Environment to continue.
# Native memory allocation (malloc) failed to allocate 1048576 bytes for AllocateHeap
# Possible reasons:
#   The system is out of physical RAM or swap space
#   The process is running with CompressedOops enabled, and the Java Heap may be blocking the growth of the native heap
# Possible solutions:
#   Reduce memory load on the system
#   Increase physical memory or swap space
#   Check if swap backing store is full
#   Decrease Java heap size (-Xmx/-Xms)
#   Decrease number of Java threads
#   Decrease Java thread stack sizes (-Xss)
#   Set larger code cache with -XX:ReservedCodeCacheSize=
#   JVM is running with Unscaled Compressed Oops mode in which the Java heap is
#     placed in the first 4GB address space. The Java Heap base address is the
#     maximum limit for the native heap growth. Please use -XX:HeapBaseMinAddress
#     to set the Java Heap base and to place the Java Heap above 4GB virtual address.
# This output file may be truncated or incomplete.
#
#  Out of Memory Error (memory/allocation.inline.hpp:61), pid=2272, tid=0x0000000000002ed4
#
# JRE version:  (8.0_231-b11) (build )
# Java VM: Java HotSpot(TM) 64-Bit Server VM (25.231-b11 mixed mode windows-amd64 compressed oops)
# Failed to write core dump. Minidumps are not enabled by default on client versions of Windows
#

---------------  T H R E A D  ---------------

Current thread (0x0000000002842800):  JavaThread "Unknown thread" [_thread_in_vm, id=11988, stack(0x0000000002680000,0x0000000002780000)]

Stack: [0x0000000002680000,0x0000000002780000]
[error occurred during error reporting (printing stack bounds), id 0xc0000005]

Native frames: (J=compiled Java code, j=interpreted, Vv=VM code, C=native code)


---------------  P R O C E S S  ---------------

Java Threads: ( => current thread )

Other Threads:

=>0x0000000002842800 (exited) JavaThread "Unknown thread" [_thread_in_vm, id=11988, stack(0x0000000002680000,0x0000000002780000)]

VM state:not at safepoint (normal execution)

VM Mutex/Monitor currently owned by a thread: None

heap address: 0x00000000c1e00000, size: 994 MB, Compressed Oops mode: 32-bit
Narrow klass base: 0x0000000000000000, Narrow klass shift: 3
Compressed class space size: 1073741824 Address: 0x0000000100000000

Heap:
 PSYoungGen      total 18944K, used 327K [0x00000000eb500000, 0x00000000eca00000, 0x0000000100000000)
  eden space 16384K, 2% used [0x00000000eb500000,0x00000000eb551ec8,0x00000000ec500000)
  from space 2560K, 0% used [0x00000000ec780000,0x00000000ec780000,0x00000000eca00000)
  to   space 2560K, 0% used [0x00000000ec500000,0x00000000ec500000,0x00000000ec780000)
 ParOldGen       total 44032K, used 0K [0x00000000c1e00000, 0x00000000c4900000, 0x00000000eb500000)
  object space 44032K, 0% used [0x00000000c1e00000,0x00000000c1e00000,0x00000000c4900000)
 Metaspace       used 776K, capacity 4480K, committed 4480K, reserved 1056768K
  class space    used 76K, capacity 384K, committed 384K, reserved 1048576K

Card table byte_map: [0x0000000011d00000,0x0000000011f00000] byte_map_base: 0x00000000116f1000

Marking Bits: (ParMarkBitMap*) 0x0000000051f66d90
 Begin Bits: [0x0000000012450000, 0x00000000133d8000)
 End Bits:   [0x00000000133d8000, 0x0000000014360000)

Polling page: 0x0000000000dd0000

CodeCache: size=245760Kb used=328Kb max_used=328Kb free=245431Kb
 bounds [0x0000000002940000, 0x0000000002bb0000, 0x0000000011940000]
 total_blobs=58 nmethods=0 adapters=38
 compilation: enabled

Compilation events (0 events):
No events

GC Heap History (0 events):
No events

Deoptimization events (0 events):
No events

Classes redefined (0 events):
No events

Internal exceptions (0 events):
No events

Events (10 events):
Event: 0.041 loading class java/lang/Short
Event: 0.041 loading class java/lang/Short done
Event: 0.041 loading class java/lang/Integer
Event: 0.041 loading class java/lang/Integer done
Event: 0.041 loading class java/lang/Long
Event: 0.041 loading class java/lang/Long done
Event: 0.042 loading class java/lang/NullPointerException
Event: 0.042 loading class java/lang/NullPointerException done
Event: 0.042 loading class java/lang/ArithmeticException
Event: 0.042 loading class java/lang/ArithmeticException done


Dynamic libraries:
0x00007ff69d0a0000 - 0x00007ff69d0d7000 	C:\Program Files\Java\jdk1.8.0_231\bin\javaw.exe
0x00007fffdffb0000 - 0x00007fffe01a8000 	C:\Windows\SYSTEM32\ntdll.dll
0x00007fffde2d0000 - 0x00007fffde38f000 	C:\Windows\System32\KERNEL32.DLL
0x00007fffdd9d0000 - 0x00007fffddca2000 	C:\Windows\System32\KERNELBASE.dll
0x00007fffdeb70000 - 0x00007fffdec1e000 	C:\Windows\System32\ADVAPI32.dll
0x00007fffde1d0000 - 0x00007fffde26e000 	C:\Windows\System32\msvcrt.dll
0x00007fffdee90000 - 0x00007fffdef2c000 	C:\Windows\System32\sechost.dll
0x00007fffdefa0000 - 0x00007fffdf0c5000 	C:\Windows\System32\RPCRT4.dll
0x00007fffdf200000 - 0x00007fffdf39d000 	C:\Windows\System32\USER32.dll
0x00007fffddcb0000 - 0x00007fffddcd2000 	C:\Windows\System32\win32u.dll
0x00007fffdfd60000 - 0x00007fffdfd8b000 	C:\Windows\System32\GDI32.dll
0x00007fffdd810000 - 0x00007fffdd91f000 	C:\Windows\System32\gdi32full.dll
0x00007fffdd6b0000 - 0x00007fffdd74d000 	C:\Windows\System32\msvcp_win.dll
0x00007fffdde70000 - 0x00007fffddf70000 	C:\Windows\System32\ucrtbase.dll
0x00007fffcbc40000 - 0x00007fffcbeda000 	C:\Windows\WinSxS\amd64_microsoft.windows.common-controls_6595b64144ccf1df_6.0.19041.1110_none_60b5254171f9507e\COMCTL32.dll
0x00007fffdecd0000 - 0x00007fffded02000 	C:\Windows\System32\IMM32.DLL
0x0000000052320000 - 0x00000000523f2000 	C:\Program Files\Java\jdk1.8.0_231\jre\bin\msvcr100.dll
0x0000000051740000 - 0x0000000051fe6000 	C:\Program Files\Java\jdk1.8.0_231\jre\bin\server\jvm.dll
0x00007fffde800000 - 0x00007fffde808000 	C:\Windows\System32\PSAPI.DLL
0x00007fffc7940000 - 0x00007fffc7949000 	C:\Windows\SYSTEM32\WSOCK32.dll
0x00007fffdef30000 - 0x00007fffdef9b000 	C:\Windows\System32\WS2_32.dll
0x00007fffd8d00000 - 0x00007fffd8d27000 	C:\Windows\SYSTEM32\WINMM.dll
0x00007fffd7390000 - 0x00007fffd739a000 	C:\Windows\SYSTEM32\VERSION.dll
0x00007fffdaea0000 - 0x00007fffdaeaf000 	C:\Program Files\Java\jdk1.8.0_231\jre\bin\verify.dll
0x00007fffc09f0000 - 0x00007fffc0a19000 	C:\Program Files\Java\jdk1.8.0_231\jre\bin\java.dll
0x00007fffd68b0000 - 0x00007fffd68c6000 	C:\Program Files\Java\jdk1.8.0_231\jre\bin\zip.dll

VM Arguments:
jvm_args: -Dfile.encoding=UTF-8 
java_command: application.Main
java_class_path (initial): C:\Users\Alejandro\Desktop\AYA\Proyecto-AYA\Login\target\classes;C:\Users\Alejandro\Downloads\eclipse-jee-2022-06-R-win32-x86_64\eclipse\plugins\org.eclipse.fx.ide.css.jfx8_3.8.0.202204150904.jar;C:\Users\Alejandro\.m2\repository\org\hibernate\hibernate-core\5.0.3.Final\hibernate-core-5.0.3.Final.jar;C:\Users\Alejandro\.m2\repository\org\jboss\logging\jboss-logging\3.3.0.Final\jboss-logging-3.3.0.Final.jar;C:\Users\Alejandro\.m2\repository\org\hibernate\javax\persistence\hibernate-jpa-2.1-api\1.0.0.Final\hibernate-jpa-2.1-api-1.0.0.Final.jar;C:\Users\Alejandro\.m2\repository\org\javassist\javassist\3.18.1-GA\javassist-3.18.1-GA.jar;C:\Users\Alejandro\.m2\repository\antlr\antlr\2.7.7\antlr-2.7.7.jar;C:\Users\Alejandro\.m2\repository\org\jboss\jandex\2.0.0.CR1\jandex-2.0.0.CR1.jar;C:\Users\Alejandro\.m2\repository\org\apache\geronimo\specs\geronimo-jta_1.1_spec\1.1.1\geronimo-jta_1.1_spec-1.1.1.jar;C:\Users\Alejandro\.m2\repository\dom4j\dom4j\1.6.1\dom4j-1.6.1.jar;C:\Users\Alejandro\.m2\repository\xml-apis\xml-apis\1.0.b2\xml-apis-1.0.b2.jar;C:\Users\Alejandro\.m2\repository\org\hibernate\common\hibernate-commons-annotations\5.0.0.Final\hibernate-commons-annotations-5.0.0.Final.jar;C:\Users\Alejandro\.m2\repository\mysql\mysql-connector-java\8.0.15\mysql-connector-java-8.0.15.jar;C:\Users\Alejandro\.m2\repository\com\google\protobuf\protobuf-java\3.6.1\protobuf-java-3.6.1.jar;C:\Users\Alejandro\.m2\repository\javax\persistence\javax.persistence-api\2.2\javax.persistence-api-2.2.jar
Launcher Type: SUN_STANDARD

Environment Variables:
PATH=C:/Users/Alejandro/Downloads/eclipse-jee-2022-06-R-win32-x86_64/eclipse//plugins/org.eclipse.justj.openjdk.hotspot.jre.full.win32.x86_64_17.0.3.v20220515-1416/jre/bin/server;C:/Users/Alejandro/Downloads/eclipse-jee-2022-06-R-win32-x86_64/eclipse//plugins/org.eclipse.justj.openjdk.hotspot.jre.full.win32.x86_64_17.0.3.v20220515-1416/jre/bin;C:\Program Files\Common Files\Oracle\Java\javapath;C:\Program Files (x86)\Common Files\Oracle\Java\javapath;C:\Program Files\OpenJDK\jdk-11.0.17.8-hotspot\bin;C:\Program Files\Microsoft\jdk-11.0.12.7-hotspot\bin;C:\Windows\system32;C:\Windows;C:\Windows\System32\Wbem;C:\Windows\System32\WindowsPowerShell\v1.0\;C:\Windows\System32\OpenSSH\;C:\Users\Alejandro\Downloads\dartsdk-windows-x64-release\dart-sdk\lib;C:\ProgramData\chocolatey\bin;C:\tools\dart-sdk\lib;C:\Users\Alejandro\Downloads\flutter_windows_3.3.8-stable\flutter\bin;C:\flutter\bin;C:\Program Files\Git\cmd;C:\Users\Alejandro\AppData\Local\Programs\Python\Python311\Lib;C:\Program Files\MySQL\MySQL Shell 8.0\bin\;C:\Users\Alejandro\AppData\Local\Microsoft\WindowsApps;;C:\Users\Alejandro\AppData\Local\Programs\Microsoft VS Code\bin;C:\tools\dart-sdk\bin;C:\Users\Alejandro\AppData\Roaming\Pub\Cache\bin;;C:\Users\Alejandro\Downloads\eclipse-jee-2022-06-R-win32-x86_64\eclipse;
USERNAME=Alejandro
OS=Windows_NT
PROCESSOR_IDENTIFIER=Intel64 Family 6 Model 142 Stepping 9, GenuineIntel



---------------  S Y S T E M  ---------------

OS: Windows 10.0 , 64 bit Build 19041 (10.0.19041.2251)

CPU:total 4 (initial active 4) (2 cores per cpu, 2 threads per core) family 6 model 142 stepping 9, cmov, cx8, fxsr, mmx, sse, sse2, sse3, ssse3, sse4.1, sse4.2, popcnt, avx, avx2, aes, clmul, erms, 3dnowpref, lzcnt, ht, tsc, tscinvbit, bmi1, bmi2, adx

Memory: 4k page, physical 4066020k(343228k free), swap 16648932k(5520k free)

vm_info: Java HotSpot(TM) 64-Bit Server VM (25.231-b11) for windows-amd64 JRE (1.8.0_231-b11), built on Oct  5 2019 03:11:30 by "java_re" with MS VC++ 10.0 (VS2010)

time: Sun Nov 27 16:07:56 2022
timezone: Hora estándar romance
elapsed time: 0 seconds (0d 0h 0m 0s)

