#
# There is insufficient memory for the Java Runtime Environment to continue.
# Native memory allocation (malloc) failed to allocate 255056 bytes for Chunk::new
# Possible reasons:
#   The system is out of physical RAM or swap space
#   The process is running with CompressedOops enabled, and the Java Heap may be blocking the growth of the native heap
# Possible solutions:
#   Reduce memory load on the system
#   Increase physical memory or swap space
#   Check if swap backing store is full
#   Decrease Java heap size (-Xmx/-Xms)
#   Decrease number of Java threads
#   Decrease Java thread stack sizes (-Xss)
#   Set larger code cache with -XX:ReservedCodeCacheSize=
#   JVM is running with Unscaled Compressed Oops mode in which the Java heap is
#     placed in the first 4GB address space. The Java Heap base address is the
#     maximum limit for the native heap growth. Please use -XX:HeapBaseMinAddress
#     to set the Java Heap base and to place the Java Heap above 4GB virtual address.
# This output file may be truncated or incomplete.
#
#  Out of Memory Error (allocation.cpp:389), pid=3836, tid=0x0000000000003174
#
# JRE version: Java(TM) SE Runtime Environment (8.0_231-b11) (build 1.8.0_231-b11)
# Java VM: Java HotSpot(TM) 64-Bit Server VM (25.231-b11 mixed mode windows-amd64 compressed oops)
# Failed to write core dump. Minidumps are not enabled by default on client versions of Windows
#

---------------  T H R E A D  ---------------

Current thread (0x00000000149e1000):  JavaThread "C2 CompilerThread1" daemon [_thread_in_native, id=12660, stack(0x0000000016150000,0x0000000016250000)]

Stack: [0x0000000016150000,0x0000000016250000]
[error occurred during error reporting (printing stack bounds), id 0xc0000005]

Native frames: (J=compiled Java code, j=interpreted, Vv=VM code, C=native code)


Current CompileTask:
C2:  11277 2185 %     4       sun.security.provider.SHA::implCompress @ 12 (491 bytes)


---------------  P R O C E S S  ---------------

Java Threads: ( => current thread )
  0x000000001bd67800 JavaThread "mysql-cj-abandoned-connection-cleanup" daemon [_thread_blocked, id=1000, stack(0x0000000023550000,0x0000000023650000)]
  0x000000001bce0800 JavaThread "Prism Font Disposer" daemon [_thread_blocked, id=5948, stack(0x000000001f880000,0x000000001f980000)]
  0x0000000016744800 JavaThread "Thread-3" daemon [_thread_in_native, id=6956, stack(0x000000001c2d0000,0x000000001c3d0000)]
  0x0000000016735800 JavaThread "JavaFX-Launcher" [_thread_blocked, id=6640, stack(0x000000001c3d0000,0x000000001c4d0000)]
  0x00000000166cc000 JavaThread "JavaFX Application Thread" [_thread_in_vm, id=13012, stack(0x0000000016f00000,0x0000000017000000)]
  0x00000000166b1800 JavaThread "Thread-1" daemon [_thread_blocked, id=13240, stack(0x0000000016e00000,0x0000000016f00000)]
  0x00000000166a1800 JavaThread "QuantumRenderer-0" daemon [_thread_blocked, id=3900, stack(0x0000000016b50000,0x0000000016c50000)]
  0x0000000016380800 JavaThread "Service Thread" daemon [_thread_blocked, id=3320, stack(0x0000000016750000,0x0000000016850000)]
  0x00000000149e5800 JavaThread "C1 CompilerThread2" daemon [_thread_in_vm, id=11492, stack(0x0000000016250000,0x0000000016350000)]
=>0x00000000149e1000 JavaThread "C2 CompilerThread1" daemon [_thread_in_native, id=12660, stack(0x0000000016150000,0x0000000016250000)]
  0x00000000149db000 JavaThread "C2 CompilerThread0" daemon [_thread_in_native, id=3772, stack(0x0000000016050000,0x0000000016150000)]
  0x00000000149d6800 JavaThread "Attach Listener" daemon [_thread_blocked, id=2608, stack(0x0000000015f50000,0x0000000016050000)]
  0x00000000149d5000 JavaThread "Signal Dispatcher" daemon [_thread_blocked, id=940, stack(0x0000000015e50000,0x0000000015f50000)]
  0x00000000023ac800 JavaThread "Finalizer" daemon [_thread_blocked, id=10056, stack(0x0000000015c30000,0x0000000015d30000)]
  0x00000000149ba000 JavaThread "Reference Handler" daemon [_thread_blocked, id=7284, stack(0x0000000015b30000,0x0000000015c30000)]
  0x00000000022b2800 JavaThread "main" [_thread_blocked, id=9300, stack(0x0000000000980000,0x0000000000a80000)]

Other Threads:
  0x0000000014997800 VMThread [stack: 0x0000000015a30000,0x0000000015b30000] [id=9148]
  0x0000000014a29800 WatcherThread [stack: 0x0000000016850000,0x0000000016950000] [id=11548]

VM state:not at safepoint (normal execution)

VM Mutex/Monitor currently owned by a thread:  ([mutex/lock_event])
[0x000000000240e060] AdapterHandlerLibrary_lock - owner thread: 0x0000000000000000

heap address: 0x00000000c1e00000, size: 994 MB, Compressed Oops mode: 32-bit
Narrow klass base: 0x0000000000000000, Narrow klass shift: 3
Compressed class space size: 1073741824 Address: 0x0000000100000000

Heap:
 PSYoungGen      total 40448K, used 5687K [0x00000000eb500000, 0x00000000ee980000, 0x0000000100000000)
  eden space 31232K, 3% used [0x00000000eb500000,0x00000000eb62e150,0x00000000ed380000)
  from space 9216K, 48% used [0x00000000ee080000,0x00000000ee4dfe78,0x00000000ee980000)
  to   space 11264K, 0% used [0x00000000ed380000,0x00000000ed380000,0x00000000ede80000)
 ParOldGen       total 45568K, used 18497K [0x00000000c1e00000, 0x00000000c4a80000, 0x00000000eb500000)
  object space 45568K, 40% used [0x00000000c1e00000,0x00000000c3010798,0x00000000c4a80000)
 Metaspace       used 26790K, capacity 27556K, committed 27776K, reserved 1073152K
  class space    used 3792K, capacity 3963K, committed 3968K, reserved 1048576K

Card table byte_map: [0x00000000117d0000,0x00000000119d0000] byte_map_base: 0x00000000111c1000

Marking Bits: (ParMarkBitMap*) 0x0000000051f66d90
 Begin Bits: [0x0000000011f20000, 0x0000000012ea8000)
 End Bits:   [0x0000000012ea8000, 0x0000000013e30000)

Polling page: 0x0000000000490000

CodeCache: size=245760Kb used=6622Kb max_used=6622Kb free=239137Kb
 bounds [0x0000000002410000, 0x0000000002a90000, 0x0000000011410000]
 total_blobs=2926 nmethods=2198 adapters=640
 compilation: enabled

Compilation events (10 events):
Event: 11.269 Thread 0x00000000149e5800 nmethod 2192 0x0000000002a7db10 code [0x0000000002a7dc80, 0x0000000002a7dde8]
Event: 11.269 Thread 0x00000000149e5800 2194       3       java.math.BigInteger::getInt (63 bytes)
Event: 11.270 Thread 0x00000000149e5800 nmethod 2194 0x0000000002a7d490 code [0x0000000002a7d620, 0x0000000002a7d9e8]
Event: 11.270 Thread 0x00000000149e5800 2195       3       java.math.BigInteger::<init> (404 bytes)
Event: 11.272 Thread 0x00000000149e5800 nmethod 2195 0x0000000002a811d0 code [0x0000000002a81580, 0x0000000002a83298]
Event: 11.272 Thread 0x00000000149e5800 2198       3       sun.security.ec.CurveDB::bi (11 bytes)
Event: 11.273 Thread 0x00000000149e5800 nmethod 2198 0x0000000002a7d090 code [0x0000000002a7d200, 0x0000000002a7d3c8]
Event: 11.273 Thread 0x00000000149e5800 2199       1       java.math.BigInteger::signum (5 bytes)
Event: 11.273 Thread 0x00000000149e5800 nmethod 2199 0x0000000002a7cdd0 code [0x0000000002a7cf20, 0x0000000002a7d030]
Event: 11.274 Thread 0x00000000149e5800 2200       3       java.security.Provider::checkInitialized (16 bytes)

GC Heap History (10 events):
Event: 9.603 GC heap before
{Heap before GC invocations=3 (full 0):
 PSYoungGen      total 18944K, used 18917K [0x00000000eb500000, 0x00000000eca00000, 0x0000000100000000)
  eden space 16384K, 99% used [0x00000000eb500000,0x00000000ec4fd508,0x00000000ec500000)
  from space 2560K, 99% used [0x00000000ec780000,0x00000000ec9fc030,0x00000000eca00000)
  to   space 2560K, 0% used [0x00000000ec500000,0x00000000ec500000,0x00000000ec780000)
 ParOldGen       total 44032K, used 9667K [0x00000000c1e00000, 0x00000000c4900000, 0x00000000eb500000)
  object space 44032K, 21% used [0x00000000c1e00000,0x00000000c2770c38,0x00000000c4900000)
 Metaspace       used 15899K, capacity 16480K, committed 16640K, reserved 1062912K
  class space    used 2298K, capacity 2459K, committed 2560K, reserved 1048576K
Event: 9.609 GC heap after
Heap after GC invocations=3 (full 0):
 PSYoungGen      total 18944K, used 2553K [0x00000000eb500000, 0x00000000eca00000, 0x0000000100000000)
  eden space 16384K, 0% used [0x00000000eb500000,0x00000000eb500000,0x00000000ec500000)
  from space 2560K, 99% used [0x00000000ec500000,0x00000000ec77e768,0x00000000ec780000)
  to   space 2560K, 0% used [0x00000000ec780000,0x00000000ec780000,0x00000000eca00000)
 ParOldGen       total 44032K, used 13895K [0x00000000c1e00000, 0x00000000c4900000, 0x00000000eb500000)
  object space 44032K, 31% used [0x00000000c1e00000,0x00000000c2b91f48,0x00000000c4900000)
 Metaspace       used 15899K, capacity 16480K, committed 16640K, reserved 1062912K
  class space    used 2298K, capacity 2459K, committed 2560K, reserved 1048576K
}
Event: 9.617 GC heap before
{Heap before GC invocations=4 (full 0):
 PSYoungGen      total 18944K, used 18937K [0x00000000eb500000, 0x00000000eca00000, 0x0000000100000000)
  eden space 16384K, 100% used [0x00000000eb500000,0x00000000ec500000,0x00000000ec500000)
  from space 2560K, 99% used [0x00000000ec500000,0x00000000ec77e768,0x00000000ec780000)
  to   space 2560K, 0% used [0x00000000ec780000,0x00000000ec780000,0x00000000eca00000)
 ParOldGen       total 44032K, used 13895K [0x00000000c1e00000, 0x00000000c4900000, 0x00000000eb500000)
  object space 44032K, 31% used [0x00000000c1e00000,0x00000000c2b91f48,0x00000000c4900000)
 Metaspace       used 15901K, capacity 16544K, committed 16896K, reserved 1062912K
  class space    used 2298K, capacity 2459K, committed 2560K, reserved 1048576K
Event: 9.622 GC heap after
Heap after GC invocations=4 (full 0):
 PSYoungGen      total 18944K, used 2555K [0x00000000eb500000, 0x00000000eda00000, 0x0000000100000000)
  eden space 16384K, 0% used [0x00000000eb500000,0x00000000eb500000,0x00000000ec500000)
  from space 2560K, 99% used [0x00000000ec780000,0x00000000ec9feee0,0x00000000eca00000)
  to   space 2560K, 0% used [0x00000000ec500000,0x00000000ec500000,0x00000000ec780000)
 ParOldGen       total 44032K, used 13983K [0x00000000c1e00000, 0x00000000c4900000, 0x00000000eb500000)
  object space 44032K, 31% used [0x00000000c1e00000,0x00000000c2ba7f48,0x00000000c4900000)
 Metaspace       used 15901K, capacity 16544K, committed 16896K, reserved 1062912K
  class space    used 2298K, capacity 2459K, committed 2560K, reserved 1048576K
}
Event: 10.221 GC heap before
{Heap before GC invocations=5 (full 0):
 PSYoungGen      total 18944K, used 13393K [0x00000000eb500000, 0x00000000eda00000, 0x0000000100000000)
  eden space 16384K, 66% used [0x00000000eb500000,0x00000000ebf956b8,0x00000000ec500000)
  from space 2560K, 99% used [0x00000000ec780000,0x00000000ec9feee0,0x00000000eca00000)
  to   space 2560K, 0% used [0x00000000ec500000,0x00000000ec500000,0x00000000ec780000)
 ParOldGen       total 44032K, used 13983K [0x00000000c1e00000, 0x00000000c4900000, 0x00000000eb500000)
  object space 44032K, 31% used [0x00000000c1e00000,0x00000000c2ba7f48,0x00000000c4900000)
 Metaspace       used 20528K, capacity 21166K, committed 21296K, reserved 1067008K
  class space    used 2974K, capacity 3142K, committed 3200K, reserved 1048576K
Event: 10.227 GC heap after
Heap after GC invocations=5 (full 0):
 PSYoungGen      total 18944K, used 2528K [0x00000000eb500000, 0x00000000eec00000, 0x0000000100000000)
  eden space 16384K, 0% used [0x00000000eb500000,0x00000000eb500000,0x00000000ec500000)
  from space 2560K, 98% used [0x00000000ec500000,0x00000000ec778040,0x00000000ec780000)
  to   space 11776K, 0% used [0x00000000ee080000,0x00000000ee080000,0x00000000eec00000)
 ParOldGen       total 44032K, used 16195K [0x00000000c1e00000, 0x00000000c4900000, 0x00000000eb500000)
  object space 44032K, 36% used [0x00000000c1e00000,0x00000000c2dd0eb0,0x00000000c4900000)
 Metaspace       used 20528K, capacity 21166K, committed 21296K, reserved 1067008K
  class space    used 2974K, capacity 3142K, committed 3200K, reserved 1048576K
}
Event: 10.227 GC heap before
{Heap before GC invocations=6 (full 1):
 PSYoungGen      total 18944K, used 2528K [0x00000000eb500000, 0x00000000eec00000, 0x0000000100000000)
  eden space 16384K, 0% used [0x00000000eb500000,0x00000000eb500000,0x00000000ec500000)
  from space 2560K, 98% used [0x00000000ec500000,0x00000000ec778040,0x00000000ec780000)
  to   space 11776K, 0% used [0x00000000ee080000,0x00000000ee080000,0x00000000eec00000)
 ParOldGen       total 44032K, used 16195K [0x00000000c1e00000, 0x00000000c4900000, 0x00000000eb500000)
  object space 44032K, 36% used [0x00000000c1e00000,0x00000000c2dd0eb0,0x00000000c4900000)
 Metaspace       used 20528K, capacity 21166K, committed 21296K, reserved 1067008K
  class space    used 2974K, capacity 3142K, committed 3200K, reserved 1048576K
Event: 10.290 GC heap after
Heap after GC invocations=6 (full 1):
 PSYoungGen      total 18944K, used 0K [0x00000000eb500000, 0x00000000eec00000, 0x0000000100000000)
  eden space 16384K, 0% used [0x00000000eb500000,0x00000000eb500000,0x00000000ec500000)
  from space 2560K, 0% used [0x00000000ec500000,0x00000000ec500000,0x00000000ec780000)
  to   space 11776K, 0% used [0x00000000ee080000,0x00000000ee080000,0x00000000eec00000)
 ParOldGen       total 45568K, used 18489K [0x00000000c1e00000, 0x00000000c4a80000, 0x00000000eb500000)
  object space 45568K, 40% used [0x00000000c1e00000,0x00000000c300e798,0x00000000c4a80000)
 Metaspace       used 20528K, capacity 21166K, committed 21296K, reserved 1067008K
  class space    used 2974K, capacity 3142K, committed 3200K, reserved 1048576K
}
Event: 11.155 GC heap before
{Heap before GC invocations=7 (full 1):
 PSYoungGen      total 18944K, used 16384K [0x00000000eb500000, 0x00000000eec00000, 0x0000000100000000)
  eden space 16384K, 100% used [0x00000000eb500000,0x00000000ec500000,0x00000000ec500000)
  from space 2560K, 0% used [0x00000000ec500000,0x00000000ec500000,0x00000000ec780000)
  to   space 11776K, 0% used [0x00000000ee080000,0x00000000ee080000,0x00000000eec00000)
 ParOldGen       total 45568K, used 18489K [0x00000000c1e00000, 0x00000000c4a80000, 0x00000000eb500000)
  object space 45568K, 40% used [0x00000000c1e00000,0x00000000c300e798,0x00000000c4a80000)
 Metaspace       used 25755K, capacity 26500K, committed 26752K, reserved 1073152K
  class space    used 3679K, capacity 3867K, committed 3968K, reserved 1048576K
Event: 11.164 GC heap after
Heap after GC invocations=7 (full 1):
 PSYoungGen      total 40448K, used 4479K [0x00000000eb500000, 0x00000000ee980000, 0x0000000100000000)
  eden space 31232K, 0% used [0x00000000eb500000,0x00000000eb500000,0x00000000ed380000)
  from space 9216K, 48% used [0x00000000ee080000,0x00000000ee4dfe78,0x00000000ee980000)
  to   space 11264K, 0% used [0x00000000ed380000,0x00000000ed380000,0x00000000ede80000)
 ParOldGen       total 45568K, used 18497K [0x00000000c1e00000, 0x00000000c4a80000, 0x00000000eb500000)
  object space 45568K, 40% used [0x00000000c1e00000,0x00000000c3010798,0x00000000c4a80000)
 Metaspace       used 25755K, capacity 26500K, committed 26752K, reserved 1073152K
  class space    used 3679K, capacity 3867K, committed 3968K, reserved 1048576K
}

Deoptimization events (10 events):
Event: 10.120 Thread 0x00000000166cc000 Uncommon trap: reason=bimorphic action=maybe_recompile pc=0x000000000277a814 method=java.io.DataInputStream.readShort()S @ 4
Event: 10.183 Thread 0x00000000166cc000 Uncommon trap: reason=unstable_if action=reinterpret pc=0x0000000002699ac8 method=java.lang.AbstractStringBuilder.append(Ljava/lang/String;)Ljava/lang/AbstractStringBuilder; @ 1
Event: 10.344 Thread 0x00000000166cc000 Uncommon trap: reason=unstable_if action=reinterpret pc=0x000000000295a598 method=java.util.concurrent.ConcurrentHashMap.putVal(Ljava/lang/Object;Ljava/lang/Object;Z)Ljava/lang/Object; @ 181
Event: 10.763 Thread 0x00000000166cc000 Uncommon trap: reason=unstable_if action=reinterpret pc=0x0000000002622808 method=java.lang.AbstractStringBuilder.append(Ljava/lang/String;)Ljava/lang/AbstractStringBuilder; @ 1
Event: 10.834 Thread 0x00000000166cc000 Uncommon trap: reason=unstable_if action=reinterpret pc=0x000000000295da1c method=java.util.regex.Pattern$BmpCharProperty.match(Ljava/util/regex/Matcher;ILjava/lang/CharSequence;)Z @ 5
Event: 10.978 Thread 0x00000000166cc000 Uncommon trap: reason=unstable_if action=reinterpret pc=0x0000000002a1f6c8 method=java.util.Properties.loadConvert([CII[C)Ljava/lang/String; @ 4
Event: 10.997 Thread 0x00000000166cc000 Uncommon trap: reason=predicate action=maybe_recompile pc=0x000000000291f270 method=sun.net.www.ParseUtil.encodePath(Ljava/lang/String;Z)Ljava/lang/String; @ 36
Event: 11.154 Thread 0x00000000166cc000 Uncommon trap: reason=unstable_if action=reinterpret pc=0x0000000002947094 method=java.util.jar.JarFile.maybeInstantiateVerifier()V @ 75
Event: 11.196 Thread 0x00000000166cc000 Uncommon trap: reason=unstable_if action=reinterpret pc=0x000000000298023c method=java.util.HashMap.putVal(ILjava/lang/Object;Ljava/lang/Object;ZZ)Ljava/lang/Object; @ 236
Event: 11.222 Thread 0x00000000166cc000 Uncommon trap: reason=unstable_if action=reinterpret pc=0x000000000299ff3c method=java.lang.CharacterDataLatin1.isWhitespace(I)Z @ 14

Classes redefined (0 events):
No events

Internal exceptions (10 events):
Event: 2.031 Thread 0x00000000166cc000 Exception <a 'java/lang/ArrayIndexOutOfBoundsException': 58> (0x00000000eba5e080) thrown at [C:\re\workspace\8-2-build-windows-amd64-cygwin\jdk8u231\13620\hotspot\src\share\vm\interpreter\interpreterRuntime.cpp, line 368]
Event: 2.034 Thread 0x00000000166cc000 Exception <a 'java/lang/ArrayIndexOutOfBoundsException': 18> (0x00000000eba5ed20) thrown at [C:\re\workspace\8-2-build-windows-amd64-cygwin\jdk8u231\13620\hotspot\src\share\vm\interpreter\interpreterRuntime.cpp, line 368]
Event: 2.035 Thread 0x00000000166cc000 Exception <a 'java/lang/ArrayIndexOutOfBoundsException': 86> (0x00000000eba600c8) thrown at [C:\re\workspace\8-2-build-windows-amd64-cygwin\jdk8u231\13620\hotspot\src\share\vm\interpreter\interpreterRuntime.cpp, line 368]
Event: 2.617 Thread 0x00000000166cc000 Implicit null exception at 0x00000000026d4a75 to 0x00000000026d4c4d
Event: 9.951 Thread 0x00000000166cc000 Exception <a 'java/lang/ClassNotFoundException': com/sun/org/glassfish/hk2/osgiresourcelocator/ServiceLoader> (0x00000000ebc59180) thrown at [C:\re\workspace\8-2-build-windows-amd64-cygwin\jdk8u231\13620\hotspot\src\share\vm\classfile\systemDictionary.cpp
Event: 9.970 Thread 0x00000000166cc000 Exception <a 'java/lang/NullPointerException'> (0x00000000ebc60f38) thrown at [C:\re\workspace\8-2-build-windows-amd64-cygwin\jdk8u231\13620\hotspot\src\share\vm\interpreter\linkResolver.cpp, line 1287]
Event: 10.048 Thread 0x00000000166cc000 Exception <a 'java/lang/ArrayIndexOutOfBoundsException'> (0x00000000ebcf5010) thrown at [C:\re\workspace\8-2-build-windows-amd64-cygwin\jdk8u231\13620\hotspot\src\share\vm\runtime\sharedRuntime.cpp, line 605]
Event: 10.048 Thread 0x00000000166cc000 Exception <a 'java/lang/ArrayIndexOutOfBoundsException'> (0x00000000ebcf66e0) thrown at [C:\re\workspace\8-2-build-windows-amd64-cygwin\jdk8u231\13620\hotspot\src\share\vm\runtime\sharedRuntime.cpp, line 605]
Event: 10.183 Thread 0x00000000166cc000 Implicit null exception at 0x0000000002699716 to 0x0000000002699ab1
Event: 10.762 Thread 0x00000000166cc000 Implicit null exception at 0x0000000002622456 to 0x00000000026227f1

Events (10 events):
Event: 11.264 loading class java/security/spec/ECPoint
Event: 11.264 loading class java/security/spec/ECPoint done
Event: 11.264 loading class sun/security/ec/NamedCurve
Event: 11.264 loading class sun/security/ec/NamedCurve done
Event: 11.264 loading class java/security/spec/ECParameterSpec
Event: 11.265 loading class java/security/spec/AlgorithmParameterSpec
Event: 11.265 loading class java/security/spec/AlgorithmParameterSpec done
Event: 11.265 loading class java/security/spec/ECParameterSpec done
Event: 11.268 loading class java/security/spec/ECFieldF2m
Event: 11.268 loading class java/security/spec/ECFieldF2m done


Dynamic libraries:
0x00007ff69d0a0000 - 0x00007ff69d0d7000 	C:\Program Files\Java\jdk1.8.0_231\bin\javaw.exe
0x00007fffdffb0000 - 0x00007fffe01a8000 	C:\Windows\SYSTEM32\ntdll.dll
0x00007fffde2d0000 - 0x00007fffde38f000 	C:\Windows\System32\KERNEL32.DLL
0x00007fffdd9d0000 - 0x00007fffddca2000 	C:\Windows\System32\KERNELBASE.dll
0x00007fffdeb70000 - 0x00007fffdec1e000 	C:\Windows\System32\ADVAPI32.dll
0x00007fffde1d0000 - 0x00007fffde26e000 	C:\Windows\System32\msvcrt.dll
0x00007fffdee90000 - 0x00007fffdef2c000 	C:\Windows\System32\sechost.dll
0x00007fffdefa0000 - 0x00007fffdf0c5000 	C:\Windows\System32\RPCRT4.dll
0x00007fffdf200000 - 0x00007fffdf39d000 	C:\Windows\System32\USER32.dll
0x00007fffddcb0000 - 0x00007fffddcd2000 	C:\Windows\System32\win32u.dll
0x00007fffdfd60000 - 0x00007fffdfd8b000 	C:\Windows\System32\GDI32.dll
0x00007fffdd810000 - 0x00007fffdd91f000 	C:\Windows\System32\gdi32full.dll
0x00007fffdd6b0000 - 0x00007fffdd74d000 	C:\Windows\System32\msvcp_win.dll
0x00007fffdde70000 - 0x00007fffddf70000 	C:\Windows\System32\ucrtbase.dll
0x00007fffcbc40000 - 0x00007fffcbeda000 	C:\Windows\WinSxS\amd64_microsoft.windows.common-controls_6595b64144ccf1df_6.0.19041.1110_none_60b5254171f9507e\COMCTL32.dll
0x00007fffdecd0000 - 0x00007fffded02000 	C:\Windows\System32\IMM32.DLL
0x0000000052320000 - 0x00000000523f2000 	C:\Program Files\Java\jdk1.8.0_231\jre\bin\msvcr100.dll
0x0000000051740000 - 0x0000000051fe6000 	C:\Program Files\Java\jdk1.8.0_231\jre\bin\server\jvm.dll
0x00007fffde800000 - 0x00007fffde808000 	C:\Windows\System32\PSAPI.DLL
0x00007fffd7390000 - 0x00007fffd739a000 	C:\Windows\SYSTEM32\VERSION.dll
0x00007fffc7940000 - 0x00007fffc7949000 	C:\Windows\SYSTEM32\WSOCK32.dll
0x00007fffdef30000 - 0x00007fffdef9b000 	C:\Windows\System32\WS2_32.dll
0x00007fffd8d00000 - 0x00007fffd8d27000 	C:\Windows\SYSTEM32\WINMM.dll
0x00007fffdaea0000 - 0x00007fffdaeaf000 	C:\Program Files\Java\jdk1.8.0_231\jre\bin\verify.dll
0x00007fffc09f0000 - 0x00007fffc0a19000 	C:\Program Files\Java\jdk1.8.0_231\jre\bin\java.dll
0x00007fffd68b0000 - 0x00007fffd68c6000 	C:\Program Files\Java\jdk1.8.0_231\jre\bin\zip.dll
0x00007fffdf610000 - 0x00007fffdfd53000 	C:\Windows\System32\SHELL32.dll
0x00007fffdb770000 - 0x00007fffdbf02000 	C:\Windows\SYSTEM32\windows.storage.dll
0x00007fffde810000 - 0x00007fffdeb64000 	C:\Windows\System32\combase.dll
0x00007fffdd030000 - 0x00007fffdd060000 	C:\Windows\SYSTEM32\Wldp.dll
0x00007fffdec20000 - 0x00007fffdeccd000 	C:\Windows\System32\SHCORE.dll
0x00007fffde0d0000 - 0x00007fffde125000 	C:\Windows\System32\shlwapi.dll
0x00007fffdd5f0000 - 0x00007fffdd60f000 	C:\Windows\SYSTEM32\profapi.dll
0x0000000000ad0000 - 0x0000000000ad3000 	C:\Program Files\Java\jdk1.8.0_231\jre\bin\api-ms-win-core-console-l1-1-0.dll
0x0000000000ae0000 - 0x0000000000ae3000 	C:\Program Files\Java\jdk1.8.0_231\jre\bin\api-ms-win-core-datetime-l1-1-0.dll
0x0000000000af0000 - 0x0000000000af3000 	C:\Program Files\Java\jdk1.8.0_231\jre\bin\api-ms-win-core-debug-l1-1-0.dll
0x00000000023b0000 - 0x00000000023b3000 	C:\Program Files\Java\jdk1.8.0_231\jre\bin\api-ms-win-core-errorhandling-l1-1-0.dll
0x00000000023c0000 - 0x00000000023c4000 	C:\Program Files\Java\jdk1.8.0_231\jre\bin\api-ms-win-core-file-l1-1-0.dll
0x00000000023d0000 - 0x00000000023d3000 	C:\Program Files\Java\jdk1.8.0_231\jre\bin\api-ms-win-core-file-l1-2-0.dll
0x00000000023e0000 - 0x00000000023e3000 	C:\Program Files\Java\jdk1.8.0_231\jre\bin\api-ms-win-core-file-l2-1-0.dll
0x00000000023f0000 - 0x00000000023f3000 	C:\Program Files\Java\jdk1.8.0_231\jre\bin\api-ms-win-core-handle-l1-1-0.dll
0x0000000016950000 - 0x0000000016953000 	C:\Program Files\Java\jdk1.8.0_231\jre\bin\api-ms-win-core-heap-l1-1-0.dll
0x0000000016960000 - 0x0000000016963000 	C:\Program Files\Java\jdk1.8.0_231\jre\bin\api-ms-win-core-interlocked-l1-1-0.dll
0x0000000016970000 - 0x0000000016973000 	C:\Program Files\Java\jdk1.8.0_231\jre\bin\api-ms-win-core-libraryloader-l1-1-0.dll
0x0000000016980000 - 0x0000000016983000 	C:\Program Files\Java\jdk1.8.0_231\jre\bin\api-ms-win-core-localization-l1-2-0.dll
0x0000000016990000 - 0x0000000016993000 	C:\Program Files\Java\jdk1.8.0_231\jre\bin\api-ms-win-core-memory-l1-1-0.dll
0x00000000169a0000 - 0x00000000169a3000 	C:\Program Files\Java\jdk1.8.0_231\jre\bin\api-ms-win-core-namedpipe-l1-1-0.dll
0x00000000169b0000 - 0x00000000169b3000 	C:\Program Files\Java\jdk1.8.0_231\jre\bin\api-ms-win-core-processenvironment-l1-1-0.dll
0x00000000169c0000 - 0x00000000169c3000 	C:\Program Files\Java\jdk1.8.0_231\jre\bin\api-ms-win-core-processthreads-l1-1-0.dll
0x00000000169d0000 - 0x00000000169d3000 	C:\Program Files\Java\jdk1.8.0_231\jre\bin\api-ms-win-core-processthreads-l1-1-1.dll
0x00000000169e0000 - 0x00000000169e3000 	C:\Program Files\Java\jdk1.8.0_231\jre\bin\api-ms-win-core-profile-l1-1-0.dll
0x00000000169f0000 - 0x00000000169f3000 	C:\Program Files\Java\jdk1.8.0_231\jre\bin\api-ms-win-core-rtlsupport-l1-1-0.dll
0x0000000016a00000 - 0x0000000016a03000 	C:\Program Files\Java\jdk1.8.0_231\jre\bin\api-ms-win-core-string-l1-1-0.dll
0x0000000016a10000 - 0x0000000016a13000 	C:\Program Files\Java\jdk1.8.0_231\jre\bin\api-ms-win-core-synch-l1-1-0.dll
0x0000000016a20000 - 0x0000000016a23000 	C:\Program Files\Java\jdk1.8.0_231\jre\bin\api-ms-win-core-synch-l1-2-0.dll
0x0000000016a30000 - 0x0000000016a33000 	C:\Program Files\Java\jdk1.8.0_231\jre\bin\api-ms-win-core-sysinfo-l1-1-0.dll
0x0000000016a40000 - 0x0000000016a43000 	C:\Program Files\Java\jdk1.8.0_231\jre\bin\api-ms-win-core-timezone-l1-1-0.dll
0x0000000016a50000 - 0x0000000016a53000 	C:\Program Files\Java\jdk1.8.0_231\jre\bin\api-ms-win-core-util-l1-1-0.dll
0x0000000016a60000 - 0x0000000016a63000 	C:\Program Files\Java\jdk1.8.0_231\jre\bin\api-ms-win-crt-conio-l1-1-0.dll
0x0000000016a70000 - 0x0000000016a74000 	C:\Program Files\Java\jdk1.8.0_231\jre\bin\api-ms-win-crt-convert-l1-1-0.dll
0x0000000016a80000 - 0x0000000016a83000 	C:\Program Files\Java\jdk1.8.0_231\jre\bin\api-ms-win-crt-environment-l1-1-0.dll
0x0000000016a90000 - 0x0000000016a93000 	C:\Program Files\Java\jdk1.8.0_231\jre\bin\api-ms-win-crt-filesystem-l1-1-0.dll
0x0000000016aa0000 - 0x0000000016aa3000 	C:\Program Files\Java\jdk1.8.0_231\jre\bin\api-ms-win-crt-heap-l1-1-0.dll
0x0000000016ab0000 - 0x0000000016ab3000 	C:\Program Files\Java\jdk1.8.0_231\jre\bin\api-ms-win-crt-locale-l1-1-0.dll
0x0000000016ac0000 - 0x0000000016ac5000 	C:\Program Files\Java\jdk1.8.0_231\jre\bin\api-ms-win-crt-math-l1-1-0.dll
0x0000000016ad0000 - 0x0000000016ad5000 	C:\Program Files\Java\jdk1.8.0_231\jre\bin\api-ms-win-crt-multibyte-l1-1-0.dll
0x0000000016ae0000 - 0x0000000016af0000 	C:\Program Files\Java\jdk1.8.0_231\jre\bin\api-ms-win-crt-private-l1-1-0.dll
0x0000000016af0000 - 0x0000000016af3000 	C:\Program Files\Java\jdk1.8.0_231\jre\bin\api-ms-win-crt-process-l1-1-0.dll
0x0000000016b00000 - 0x0000000016b04000 	C:\Program Files\Java\jdk1.8.0_231\jre\bin\api-ms-win-crt-runtime-l1-1-0.dll
0x0000000016b10000 - 0x0000000016b14000 	C:\Program Files\Java\jdk1.8.0_231\jre\bin\api-ms-win-crt-stdio-l1-1-0.dll
0x0000000016b20000 - 0x0000000016b24000 	C:\Program Files\Java\jdk1.8.0_231\jre\bin\api-ms-win-crt-string-l1-1-0.dll
0x0000000016b30000 - 0x0000000016b33000 	C:\Program Files\Java\jdk1.8.0_231\jre\bin\api-ms-win-crt-time-l1-1-0.dll
0x0000000016b40000 - 0x0000000016b43000 	C:\Program Files\Java\jdk1.8.0_231\jre\bin\api-ms-win-crt-utility-l1-1-0.dll
0x00007fffa3ac0000 - 0x00007fffa3bbc000 	C:\Program Files\Java\jdk1.8.0_231\jre\bin\ucrtbase.dll
0x00007fffc37b0000 - 0x00007fffc37c5000 	C:\Program Files\Java\jdk1.8.0_231\jre\bin\vcruntime140.dll
0x00007fffbcb00000 - 0x00007fffbcb9b000 	C:\Program Files\Java\jdk1.8.0_231\jre\bin\msvcp140.dll
0x00007fffc0990000 - 0x00007fffc09e1000 	C:\Program Files\Java\jdk1.8.0_231\jre\bin\concrt140.dll
0x00007fffbeee0000 - 0x00007fffbef03000 	C:\Program Files\Java\jdk1.8.0_231\jre\bin\prism_d3d.dll
0x00007fffa0320000 - 0x00007fffa04ef000 	C:\Windows\system32\d3d9.dll
0x00007fffdb570000 - 0x00007fffdb582000 	C:\Windows\SYSTEM32\kernel.appcore.dll
0x00007fffdb390000 - 0x00007fffdb3bf000 	C:\Windows\SYSTEM32\dwmapi.dll
0x00007fffdb0a0000 - 0x00007fffdb13e000 	C:\Windows\system32\uxtheme.dll
0x00007fff9ff60000 - 0x00007fffa010f000 	C:\Windows\System32\DriverStore\FileRepository\iigd_dch.inf_amd64_51f685305808e3a5\igdumdim64.dll
0x00007fffdf0d0000 - 0x00007fffdf1fa000 	C:\Windows\System32\ole32.dll
0x00007fff6a930000 - 0x00007fff6d9d3000 	C:\Windows\System32\DriverStore\FileRepository\iigd_dch.inf_amd64_51f685305808e3a5\igd9dxva64.dll
0x00007fffde000000 - 0x00007fffde0cd000 	C:\Windows\System32\OLEAUT32.dll
0x00007fffde390000 - 0x00007fffde7f8000 	C:\Windows\System32\SETUPAPI.dll
0x00007fffdd7c0000 - 0x00007fffdd80e000 	C:\Windows\System32\cfgmgr32.dll
0x00007fffddce0000 - 0x00007fffddd07000 	C:\Windows\System32\bcrypt.dll
0x00007fffd3af0000 - 0x00007fffd3ef9000 	C:\Windows\System32\DriverStore\FileRepository\iigd_dch.inf_amd64_51f685305808e3a5\igdgmm64.dll
0x00007fffbc710000 - 0x00007fffbc755000 	C:\Program Files\Java\jdk1.8.0_231\jre\bin\glass.dll
0x00007fffdedb0000 - 0x00007fffdee8a000 	C:\Windows\System32\COMDLG32.dll
0x00007fffdfe50000 - 0x00007fffdff65000 	C:\Windows\System32\MSCTF.dll
0x00007fffddf70000 - 0x00007fffddff2000 	C:\Windows\System32\bcryptPrimitives.dll
0x00007fffadf70000 - 0x00007fffadf97000 	C:\Windows\System32\DriverStore\FileRepository\iigd_dch.inf_amd64_51f685305808e3a5\igdinfo64.dll
0x00007fffdcf80000 - 0x00007fffdcf98000 	C:\Windows\SYSTEM32\CRYPTSP.dll
0x00007fffdc6b0000 - 0x00007fffdc6e4000 	C:\Windows\system32\rsaenh.dll
0x00007fffdcfa0000 - 0x00007fffdcfac000 	C:\Windows\SYSTEM32\CRYPTBASE.dll
0x00007fffd02c0000 - 0x00007fffd3a54000 	C:\Windows\System32\DriverStore\FileRepository\iigd_dch.inf_amd64_51f685305808e3a5\igc64.dll
0x00007fffd49d0000 - 0x00007fffd4a0b000 	C:\Windows\SYSTEM32\dxcore.dll
0x00007fffc0960000 - 0x00007fffc0974000 	C:\Program Files\Java\jdk1.8.0_231\jre\bin\javafx_font.dll
0x00007fffbe080000 - 0x00007fffbe2ff000 	C:\Windows\SYSTEM32\dwrite.dll
0x00007fffdfda0000 - 0x00007fffdfe4f000 	C:\Windows\System32\clbcatq.dll
0x00007fffd7690000 - 0x00007fffd7844000 	C:\Windows\SYSTEM32\WindowsCodecs.dll
0x00007fffbe770000 - 0x00007fffbe7ae000 	C:\Windows\system32\dataexchange.dll
0x00007fffd9390000 - 0x00007fffd95f3000 	C:\Windows\system32\d3d11.dll
0x00007fffda2d0000 - 0x00007fffda4b3000 	C:\Windows\system32\dcomp.dll
0x00007fffdbf70000 - 0x00007fffdc063000 	C:\Windows\system32\dxgi.dll
0x00007fffd7a50000 - 0x00007fffd7c50000 	C:\Windows\system32\twinapi.appcore.dll
0x00007fffbcba0000 - 0x00007fffbcbd4000 	C:\Program Files\Common Files\Microsoft Shared\Ink\rtscom.dll
0x00007fffc9020000 - 0x00007fffc9119000 	C:\Windows\SYSTEM32\textinputframework.dll
0x00007fffda840000 - 0x00007fffdab9e000 	C:\Windows\System32\CoreUIComponents.dll
0x00007fffdaba0000 - 0x00007fffdac92000 	C:\Windows\System32\CoreMessaging.dll
0x00007fffdc7d0000 - 0x00007fffdc803000 	C:\Windows\SYSTEM32\ntmarta.dll
0x00007fffda170000 - 0x00007fffda2c4000 	C:\Windows\SYSTEM32\wintypes.dll
0x00007fffbe300000 - 0x00007fffbe311000 	C:\Program Files\Java\jdk1.8.0_231\jre\bin\prism_common.dll
0x00007fffbd820000 - 0x00007fffbd83a000 	C:\Program Files\Java\jdk1.8.0_231\jre\bin\net.dll
0x00007fffdcd90000 - 0x00007fffdcdfa000 	C:\Windows\system32\mswsock.dll
0x00007fffdcac0000 - 0x00007fffdcb8a000 	C:\Windows\SYSTEM32\DNSAPI.dll
0x00007fffdca80000 - 0x00007fffdcabb000 	C:\Windows\SYSTEM32\IPHLPAPI.DLL
0x00007fffdfd90000 - 0x00007fffdfd98000 	C:\Windows\System32\NSI.dll
0x00007fffcf480000 - 0x00007fffcf48a000 	C:\Windows\System32\rasadhlp.dll
0x00007fffcf4a0000 - 0x00007fffcf520000 	C:\Windows\System32\fwpuclnt.dll
0x00007fffbcad0000 - 0x00007fffbcaf4000 	C:\Program Files\Java\jdk1.8.0_231\jre\bin\sunec.dll

VM Arguments:
jvm_args: -Dfile.encoding=UTF-8 
java_command: application.Main
java_class_path (initial): C:\Users\Alejandro\Desktop\AYA\Proyecto-AYA\Login\target\classes;C:\Users\Alejandro\Downloads\eclipse-jee-2022-06-R-win32-x86_64\eclipse\plugins\org.eclipse.fx.ide.css.jfx8_3.8.0.202204150904.jar;C:\Users\Alejandro\.m2\repository\org\hibernate\hibernate-core\5.0.3.Final\hibernate-core-5.0.3.Final.jar;C:\Users\Alejandro\.m2\repository\org\jboss\logging\jboss-logging\3.3.0.Final\jboss-logging-3.3.0.Final.jar;C:\Users\Alejandro\.m2\repository\org\hibernate\javax\persistence\hibernate-jpa-2.1-api\1.0.0.Final\hibernate-jpa-2.1-api-1.0.0.Final.jar;C:\Users\Alejandro\.m2\repository\org\javassist\javassist\3.18.1-GA\javassist-3.18.1-GA.jar;C:\Users\Alejandro\.m2\repository\antlr\antlr\2.7.7\antlr-2.7.7.jar;C:\Users\Alejandro\.m2\repository\org\jboss\jandex\2.0.0.CR1\jandex-2.0.0.CR1.jar;C:\Users\Alejandro\.m2\repository\org\apache\geronimo\specs\geronimo-jta_1.1_spec\1.1.1\geronimo-jta_1.1_spec-1.1.1.jar;C:\Users\Alejandro\.m2\repository\dom4j\dom4j\1.6.1\dom4j-1.6.1.jar;C:\Users\Alejandro\.m2\repository\xml-apis\xml-apis\1.0.b2\xml-apis-1.0.b2.jar;C:\Users\Alejandro\.m2\repository\org\hibernate\common\hibernate-commons-annotations\5.0.0.Final\hibernate-commons-annotations-5.0.0.Final.jar;C:\Users\Alejandro\.m2\repository\mysql\mysql-connector-java\8.0.15\mysql-connector-java-8.0.15.jar;C:\Users\Alejandro\.m2\repository\com\google\protobuf\protobuf-java\3.6.1\protobuf-java-3.6.1.jar;C:\Users\Alejandro\.m2\repository\javax\persistence\javax.persistence-api\2.2\javax.persistence-api-2.2.jar
Launcher Type: SUN_STANDARD

Environment Variables:
PATH=C:/Users/Alejandro/Downloads/eclipse-jee-2022-06-R-win32-x86_64/eclipse//plugins/org.eclipse.justj.openjdk.hotspot.jre.full.win32.x86_64_17.0.3.v20220515-1416/jre/bin/server;C:/Users/Alejandro/Downloads/eclipse-jee-2022-06-R-win32-x86_64/eclipse//plugins/org.eclipse.justj.openjdk.hotspot.jre.full.win32.x86_64_17.0.3.v20220515-1416/jre/bin;C:\Program Files\Common Files\Oracle\Java\javapath;C:\Program Files (x86)\Common Files\Oracle\Java\javapath;C:\Program Files\OpenJDK\jdk-11.0.17.8-hotspot\bin;C:\Program Files\Microsoft\jdk-11.0.12.7-hotspot\bin;C:\Windows\system32;C:\Windows;C:\Windows\System32\Wbem;C:\Windows\System32\WindowsPowerShell\v1.0\;C:\Windows\System32\OpenSSH\;C:\Users\Alejandro\Downloads\dartsdk-windows-x64-release\dart-sdk\lib;C:\ProgramData\chocolatey\bin;C:\tools\dart-sdk\lib;C:\Users\Alejandro\Downloads\flutter_windows_3.3.8-stable\flutter\bin;C:\flutter\bin;C:\Program Files\Git\cmd;C:\Users\Alejandro\AppData\Local\Programs\Python\Python311\Lib;C:\Program Files\MySQL\MySQL Shell 8.0\bin\;C:\Users\Alejandro\AppData\Local\Microsoft\WindowsApps;;C:\Users\Alejandro\AppData\Local\Programs\Microsoft VS Code\bin;C:\tools\dart-sdk\bin;C:\Users\Alejandro\AppData\Roaming\Pub\Cache\bin;;C:\Users\Alejandro\Downloads\eclipse-jee-2022-06-R-win32-x86_64\eclipse;
USERNAME=Alejandro
OS=Windows_NT
PROCESSOR_IDENTIFIER=Intel64 Family 6 Model 142 Stepping 9, GenuineIntel



---------------  S Y S T E M  ---------------

OS: Windows 10.0 , 64 bit Build 19041 (10.0.19041.2251)

CPU:total 4 (initial active 4) (2 cores per cpu, 2 threads per core) family 6 model 142 stepping 9, cmov, cx8, fxsr, mmx, sse, sse2, sse3, ssse3, sse4.1, sse4.2, popcnt, avx, avx2, aes, clmul, erms, 3dnowpref, lzcnt, ht, tsc, tscinvbit, bmi1, bmi2, adx

Memory: 4k page, physical 4066020k(255992k free), swap 16648932k(3220k free)

vm_info: Java HotSpot(TM) 64-Bit Server VM (25.231-b11) for windows-amd64 JRE (1.8.0_231-b11), built on Oct  5 2019 03:11:30 by "java_re" with MS VC++ 10.0 (VS2010)

time: Sun Nov 27 15:48:54 2022
timezone: Hora estándar romance
elapsed time: 11 seconds (0d 0h 0m 11s)

